<?xml version="1.0" encoding="UTF-8" standalone="no"?>
<testsuite failures="0" name="cucumber.runtime.formatter.JUnitFormatter" skipped="0" tests="6" time="142.538783">
<testcase classname="Login to FaceBook - Story Card" name="Login to FB and Validate Welcome message - Scenario Outline" time="26.353384">
<system-out><![CDATA[Given user is on Facebook login page........................................passed
When user enters "edward.velasco.ph+Matt1@gmail.com" and "TestingTeam1234"..passed
And user clicks login button................................................passed
Then user validate welcome message..........................................passed
* user logout to FB.........................................................passed
* close browser.............................................................passed
]]></system-out>
</testcase>
<testcase classname="Login to FaceBook - Story Card" name="Login to FB and Validate Welcome message - Scenario Outline 2" time="25.024928">
<system-out><![CDATA[Given user is on Facebook login page........................................passed
When user enters "edward.velasco.ph+Matt2@gmail.com" and "TestingTeam1234"..passed
And user clicks login button................................................passed
Then user validate welcome message..........................................passed
* user logout to FB.........................................................passed
* close browser.............................................................passed
]]></system-out>
</testcase>
<testcase classname="Login to FaceBook - Story Card" name="Login to FB and Validate Welcome message - Scenario Outline 3" time="26.365346">
<system-out><![CDATA[Given user is on Facebook login page........................................passed
When user enters "edward.velasco.ph+Matt3@gmail.com" and "TestingTeam1234"..passed
And user clicks login button................................................passed
Then user validate welcome message..........................................passed
* user logout to FB.........................................................passed
* close browser.............................................................passed
]]></system-out>
</testcase>
<testcase classname="Login to FaceBook - Story Card" name="Login to FB and Validate Welcome message - Scenario Outline 4" time="26.046797">
<system-out><![CDATA[Given user is on Facebook login page........................................passed
When user enters "edward.velasco.ph+Matt4@gmail.com" and "TestingTeam1234"..passed
And user clicks login button................................................passed
Then user validate welcome message..........................................passed
* user logout to FB.........................................................passed
* close browser.............................................................passed
]]></system-out>
</testcase>
<testcase classname="Login to FaceBook - Story Card" name="Login to FB and Validate Welcome message - Data Table" time="14.19052">
<system-out><![CDATA[Given user is on Facebook login page........................................passed
When user enters userName and passWord......................................passed
And user clicks login button................................................passed
Then user validate welcome message..........................................passed
* user logout to FB.........................................................passed
* close browser.............................................................passed
]]></system-out>
</testcase>
<testcase classname="Login to FaceBook - Story Card" name="Login to FB and Validate Welcome message - String Parameter" time="24.557808">
<system-out><![CDATA[Given user is on Facebook login page........................................passed
When user enters "edward.velasco.ph+Matt1@gmail.com" and "TestingTeam1234"..passed
And user clicks login button................................................passed
Then user validate welcome message..........................................passed
* user logout to FB.........................................................passed
* close browser.............................................................passed
]]></system-out>
</testcase>
</testsuite>
