<?xml version="1.0" encoding="UTF-8" standalone="no"?>
<testsuite failures="0" name="cucumber.runtime.formatter.JUnitFormatter" skipped="0" tests="1" time="34.95356">
<testcase classname="Login to FaceBook - Story Card" name="Login to FB and Validate Welcome message" time="34.95356">
<system-out><![CDATA[Given user is on Facebook login page........................................passed
When user enters username and password......................................passed
And user clicks login button................................................passed
Then user validate welcome message..........................................passed
* user logout to FB.........................................................passed
* close browser.............................................................passed
]]></system-out>
</testcase>
</testsuite>
